<?xml version="1.0" encoding="UTF-8"?>
<!-- Generated by org.testng.reporters.JUnitReportReporter -->
<testsuite hostname="PHI-2B2DGL3" failures="0" tests="1" name="suite2.SauceDemoTests" time="2.794" errors="0" timestamp="8 Feb 2023 07:16:37 GMT">
  <testcase classname="suite2.SauceDemoTests" name="login" time="2.794"/>
</testsuite> <!-- suite2.SauceDemoTests -->
