<?xml version="1.0" encoding="UTF-8"?>
<!-- Generated by org.testng.reporters.JUnitReportReporter -->
<testsuite hostname="PHI-2B2DGL3" failures="0" tests="1" name="suite1.OpenCartTests" time="4.201" errors="0" timestamp="8 Feb 2023 07:33:27 GMT">
  <testcase classname="suite1.OpenCartTests" name="searchForProduct" time="4.201"/>
</testsuite> <!-- suite1.OpenCartTests -->
